2022-10-07 22:09:05 [    INFO]----start--------start--------start--------start--------start--------start----开始执行登陆操作----start--------start--------start--------start--------start--------start---- (login.py:17)
2022-10-07 22:09:06 [    INFO]成功登录 (login.py:89)
2022-10-07 22:09:06 [    INFO]----start--------start--------start--------start--------start--------start----增加库区_收货暂存区----start--------start--------start--------start--------start--------start---- (test_create_area.py:28)
2022-10-07 22:09:06 [    INFO]----start--------start--------start--------start--------start--------start----增加库区_备货区----start--------start--------start--------start--------start--------start---- (test_create_area.py:28)
2022-10-07 22:09:06 [    INFO]----start--------start--------start--------start--------start--------start----增加库区_存储区----start--------start--------start--------start--------start--------start---- (test_create_area.py:28)
2022-10-07 22:09:06 [    INFO]----start--------start--------start--------start--------start--------start----增加库区_待检区----start--------start--------start--------start--------start--------start---- (test_create_area.py:28)
2022-10-07 22:09:06 [    INFO]----start--------start--------start--------start--------start--------start----增加库区_退货区----start--------start--------start--------start--------start--------start---- (test_create_area.py:28)
2022-10-07 22:09:07 [    INFO]----start--------start--------start--------start--------start--------start----增加库区_冷冻区----start--------start--------start--------start--------start--------start---- (test_create_area.py:28)
2022-10-07 22:09:07 [    INFO]----start--------start--------start--------start--------start--------start----增加库区_冷藏区----start--------start--------start--------start--------start--------start---- (test_create_area.py:28)
2022-10-07 22:09:07 [    INFO]----start--------start--------start--------start--------start--------start----增加库区_报废区----start--------start--------start--------start--------start--------start---- (test_create_area.py:28)
2022-10-07 22:09:07 [    INFO]----start--------start--------start--------start--------start--------start----查询库区信息----start--------start--------start--------start--------start--------start---- (test_create_area.py:28)
2022-10-07 22:09:07 [    INFO]----start--------start--------start--------start--------start--------start----新增库位----start--------start--------start--------start--------start--------start---- (test_create_area.py:28)
2022-10-07 22:09:07 [    INFO]----start--------start--------start--------start--------start--------start----查询商品信息----start--------start--------start--------start--------start--------start---- (test_create_area.py:28)
2022-10-07 22:09:07 [    INFO]----start--------start--------start--------start--------start--------start----新增到货通知单----start--------start--------start--------start--------start--------start---- (test_create_area.py:28)
2022-10-07 22:09:07 [    INFO]----start--------start--------start--------start--------start--------start----查询到货通知单----start--------start--------start--------start--------start--------start---- (test_create_area.py:28)
2022-10-07 22:09:07 [    INFO]----start--------start--------start--------start--------start--------start----查询指定确认到货通知单----start--------start--------start--------start--------start--------start---- (test_create_area.py:28)
2022-10-07 22:09:07 [    INFO]----start--------start--------start--------start--------start--------start----确认到货----start--------start--------start--------start--------start--------start---- (test_create_area.py:28)
2022-10-07 22:09:07 [    INFO]----start--------start--------start--------start--------start--------start----查询可选库区类型----start--------start--------start--------start--------start--------start---- (test_basic_inquire.py:28)
2022-10-07 22:09:07 [    INFO]     <√√√√√√>  测试用例id: WMS_JCCX_01 标题： 查询可选库区类型  通过 (test_basic_inquire.py:42)
2022-10-07 22:09:07 [    INFO]----start--------start--------start--------start--------start--------start----查询可选温区类型----start--------start--------start--------start--------start--------start---- (test_basic_inquire.py:28)
2022-10-07 22:09:07 [    INFO]     <√√√√√√>  测试用例id: WMS_JCCX_02 标题： 查询可选温区类型  通过 (test_basic_inquire.py:42)
2022-10-07 22:09:07 [    INFO]----start--------start--------start--------start--------start--------start----查询可选库位类型----start--------start--------start--------start--------start--------start---- (test_basic_inquire.py:28)
2022-10-07 22:09:08 [    INFO]     <√√√√√√>  测试用例id: WMS_JCCX_03 标题： 查询可选库位类型  通过 (test_basic_inquire.py:42)
2022-10-07 22:09:08 [    INFO]----start--------start--------start--------start--------start--------start----查询可选货主----start--------start--------start--------start--------start--------start---- (test_basic_inquire.py:28)
2022-10-07 22:09:08 [    INFO]     <√√√√√√>  测试用例id: WMS_JCCX_04 标题： 查询可选货主  通过 (test_basic_inquire.py:42)
2022-10-07 22:09:08 [    INFO]----start--------start--------start--------start--------start--------start----查询可选入库业务类型----start--------start--------start--------start--------start--------start---- (test_basic_inquire.py:28)
2022-10-07 22:09:09 [    INFO]     <√√√√√√>  测试用例id: WMS_JCCX_05 标题： 查询可选入库业务类型  通过 (test_basic_inquire.py:42)
2022-10-07 22:09:09 [    INFO]----start--------start--------start--------start--------start--------start----查询可用到货方式----start--------start--------start--------start--------start--------start---- (test_basic_inquire.py:28)
2022-10-07 22:09:09 [    INFO]     <√√√√√√>  测试用例id: WMS_JCCX_06 标题： 查询可用到货方式  通过 (test_basic_inquire.py:42)
2022-10-07 22:09:09 [    INFO]----start--------start--------start--------start--------start--------start----查询可选商品类型----start--------start--------start--------start--------start--------start---- (test_basic_inquire.py:28)
2022-10-07 22:09:09 [    INFO]     <√√√√√√>  测试用例id: WMS_JCCX_07 标题： 查询可选商品类型  通过 (test_basic_inquire.py:42)
2022-10-07 22:09:09 [    INFO]----start--------start--------start--------start--------start--------start----查询可选出库业务类型----start--------start--------start--------start--------start--------start---- (test_basic_inquire.py:28)
2022-10-07 22:09:10 [    INFO]     <√√√√√√>  测试用例id: WMS_JCCX_08 标题： 查询可选出库业务类型  通过 (test_basic_inquire.py:42)
2022-10-07 22:09:10 [    INFO]----start--------start--------start--------start--------start--------start----查询发货可选方式类型----start--------start--------start--------start--------start--------start---- (test_basic_inquire.py:28)
2022-10-07 22:09:10 [    INFO]     <√√√√√√>  测试用例id: WMS_JCCX_09 标题： 查询发货可选方式类型  通过 (test_basic_inquire.py:42)
2022-10-07 22:09:10 [    INFO]----start--------start--------start--------start--------start--------start----开始拷贝日志文件----start--------start--------start--------start--------start--------start---- (conftest.py:28)
