2022-10-07 22:06:10 [    INFO]----start--------start--------start--------start--------start--------start----开始执行登陆操作----start--------start--------start--------start--------start--------start---- (login.py:17)
2022-10-07 22:06:11 [    INFO]成功登录 (login.py:89)
2022-10-07 22:06:11 [    INFO]----start--------start--------start--------start--------start--------start----增加库区_收货暂存区----start--------start--------start--------start--------start--------start---- (test_create_area.py:29)
2022-10-07 22:06:11 [ WARNING]
用例ID：WMS_KQGL_01
用例标题：增加库区_收货暂存区
请求方式：POST
URL:/api/v1/warehouse/warehouseArea/add
用例期望值：success=true,errCode=null
实际返回：{"success":false,"errCode":"12004","errMessage":"库区名称重复！"} (test_create_area.py:48)
2022-10-07 22:06:11 [    INFO]___end______end______end______end______end______end___增加库区_收货暂存区___end______end______end___ (test_create_area.py:49)
2022-10-07 22:06:12 [    INFO]----start--------start--------start--------start--------start--------start----增加库区_备货区----start--------start--------start--------start--------start--------start---- (test_create_area.py:29)
2022-10-07 22:06:12 [ WARNING]
用例ID：WMS_KQGL_02
用例标题：增加库区_备货区
请求方式：POST
URL:/api/v1/warehouse/warehouseArea/add
用例期望值：success=true,errMessage=null
实际返回：{"success":false,"errCode":"12004","errMessage":"库区名称重复！"} (test_create_area.py:48)
2022-10-07 22:06:12 [    INFO]___end______end______end______end______end______end___增加库区_备货区___end______end______end___ (test_create_area.py:49)
2022-10-07 22:06:12 [    INFO]----start--------start--------start--------start--------start--------start----增加库区_存储区----start--------start--------start--------start--------start--------start---- (test_create_area.py:29)
2022-10-07 22:06:12 [ WARNING]
用例ID：WMS_KQGL_03
用例标题：增加库区_存储区
请求方式：POST
URL:/api/v1/warehouse/warehouseArea/add
用例期望值：success=true,errMessage=null
实际返回：{"success":false,"errCode":"12004","errMessage":"库区名称重复！"} (test_create_area.py:48)
2022-10-07 22:06:12 [    INFO]___end______end______end______end______end______end___增加库区_存储区___end______end______end___ (test_create_area.py:49)
2022-10-07 22:06:12 [    INFO]----start--------start--------start--------start--------start--------start----增加库区_待检区----start--------start--------start--------start--------start--------start---- (test_create_area.py:29)
2022-10-07 22:06:13 [ WARNING]
用例ID：WMS_KQGL_04
用例标题：增加库区_待检区
请求方式：POST
URL:/api/v1/warehouse/warehouseArea/add
用例期望值：success=true,errCode=null,errMessage=null
实际返回：{"success":false,"errCode":"12004","errMessage":"库区名称重复！"} (test_create_area.py:48)
2022-10-07 22:06:13 [    INFO]___end______end______end______end______end______end___增加库区_待检区___end______end______end___ (test_create_area.py:49)
2022-10-07 22:06:13 [    INFO]----start--------start--------start--------start--------start--------start----增加库区_退货区----start--------start--------start--------start--------start--------start---- (test_create_area.py:29)
2022-10-07 22:06:13 [ WARNING]
用例ID：WMS_KQGL_05
用例标题：增加库区_退货区
请求方式：POST
URL:/api/v1/warehouse/warehouseArea/add
用例期望值：success=true,errCode=null,errMessage=null
实际返回：{"success":false,"errCode":"12004","errMessage":"库区名称重复！"} (test_create_area.py:48)
2022-10-07 22:06:13 [    INFO]___end______end______end______end______end______end___增加库区_退货区___end______end______end___ (test_create_area.py:49)
2022-10-07 22:06:13 [    INFO]----start--------start--------start--------start--------start--------start----增加库区_冷冻区----start--------start--------start--------start--------start--------start---- (test_create_area.py:29)
2022-10-07 22:06:14 [ WARNING]
用例ID：WMS_KQGL_06
用例标题：增加库区_冷冻区
请求方式：POST
URL:/api/v1/warehouse/warehouseArea/add
用例期望值：success=true,errCode=null,errMessage=null
实际返回：{"success":false,"errCode":"12004","errMessage":"库区名称重复！"} (test_create_area.py:48)
2022-10-07 22:06:14 [    INFO]___end______end______end______end______end______end___增加库区_冷冻区___end______end______end___ (test_create_area.py:49)
2022-10-07 22:06:14 [    INFO]----start--------start--------start--------start--------start--------start----增加库区_冷藏区----start--------start--------start--------start--------start--------start---- (test_create_area.py:29)
2022-10-07 22:06:14 [ WARNING]
用例ID：WMS_KQGL_07
用例标题：增加库区_冷藏区
请求方式：POST
URL:/api/v1/warehouse/warehouseArea/add
用例期望值：success=true,errCode=null,errMessage=null
实际返回：{"success":false,"errCode":"12004","errMessage":"库区名称重复！"} (test_create_area.py:48)
2022-10-07 22:06:14 [    INFO]___end______end______end______end______end______end___增加库区_冷藏区___end______end______end___ (test_create_area.py:49)
2022-10-07 22:06:14 [    INFO]----start--------start--------start--------start--------start--------start----增加库区_报废区----start--------start--------start--------start--------start--------start---- (test_create_area.py:29)
2022-10-07 22:06:14 [ WARNING]
用例ID：WMS_KQGL_08
用例标题：增加库区_报废区
请求方式：POST
URL:/api/v1/warehouse/warehouseArea/add
用例期望值：success=true,errCode=null,errMessage=null
实际返回：{"success":false,"errCode":"12004","errMessage":"库区名称重复！"} (test_create_area.py:48)
2022-10-07 22:06:14 [    INFO]___end______end______end______end______end______end___增加库区_报废区___end______end______end___ (test_create_area.py:49)
2022-10-07 22:06:14 [    INFO]----start--------start--------start--------start--------start--------start----查询库区信息----start--------start--------start--------start--------start--------start---- (test_create_area.py:29)
2022-10-07 22:06:15 [    INFO]     <√√√√√√>  测试用例id: WMS_KQGL_09 标题： 查询库区信息  通过 (test_create_area.py:51)
2022-10-07 22:06:15 [    INFO]___end______end______end______end______end______end___查询库区信息___end______end______end___ (test_create_area.py:52)
2022-10-07 22:06:15 [    INFO]----start--------start--------start--------start--------start--------start----新增库位----start--------start--------start--------start--------start--------start---- (test_create_area.py:29)
2022-10-07 22:06:15 [    INFO]     <√√√√√√>  测试用例id: WMS_KQGL_10 标题： 新增库位  通过 (test_create_area.py:51)
2022-10-07 22:06:15 [    INFO]___end______end______end______end______end______end___新增库位___end______end______end___ (test_create_area.py:52)
2022-10-07 22:06:15 [    INFO]----start--------start--------start--------start--------start--------start----查询商品信息----start--------start--------start--------start--------start--------start---- (test_create_area.py:29)
2022-10-07 22:06:16 [    INFO]     <√√√√√√>  测试用例id: WMS_KQGL_11 标题： 查询商品信息  通过 (test_create_area.py:51)
2022-10-07 22:06:16 [    INFO]___end______end______end______end______end______end___查询商品信息___end______end______end___ (test_create_area.py:52)
2022-10-07 22:06:16 [    INFO]----start--------start--------start--------start--------start--------start----新增到货通知单----start--------start--------start--------start--------start--------start---- (test_create_area.py:29)
2022-10-07 22:06:16 [ WARNING]
用例ID：WMS_KQGL_12
用例标题：新增到货通知单
请求方式：POST
URL:/api/v1/warehouse/entry/receipt/save
用例期望值：success=true
实际返回：{"success":false,"errCode":"12179","errMessage":"入库通知单重复"} (test_create_area.py:48)
2022-10-07 22:06:16 [    INFO]___end______end______end______end______end______end___新增到货通知单___end______end______end___ (test_create_area.py:49)
2022-10-07 22:06:16 [    INFO]----start--------start--------start--------start--------start--------start----查询到货通知单----start--------start--------start--------start--------start--------start---- (test_create_area.py:29)
2022-10-07 22:06:17 [    INFO]     <√√√√√√>  测试用例id: WMS_KQGL_13 标题： 查询到货通知单  通过 (test_create_area.py:51)
2022-10-07 22:06:17 [    INFO]___end______end______end______end______end______end___查询到货通知单___end______end______end___ (test_create_area.py:52)
2022-10-07 22:06:17 [    INFO]----start--------start--------start--------start--------start--------start----查询指定确认到货通知单----start--------start--------start--------start--------start--------start---- (test_create_area.py:29)
2022-10-07 22:06:17 [    INFO]     <√√√√√√>  测试用例id: WMS_KQGL_14 标题： 查询指定确认到货通知单  通过 (test_create_area.py:79)
2022-10-07 22:06:17 [    INFO]___end______end______end______end______end______end___查询指定确认到货通知单___end______end______end___ (test_create_area.py:80)
2022-10-07 22:06:17 [    INFO]----start--------start--------start--------start--------start--------start----确认到货----start--------start--------start--------start--------start--------start---- (test_create_area.py:29)
2022-10-07 22:06:17 [ WARNING]
用例ID：WMS_KQGL_15
用例标题：确认到货
请求方式：POST
URL:/api/v1/warehouse/wmsWarehouseEntry/arrivalConfirmation
用例期望值：success=true
实际返回：{"success":false,"errCode":"12163","errMessage":"入库通知单状态错误,无法确认收货"} (test_create_area.py:48)
2022-10-07 22:06:17 [    INFO]___end______end______end______end______end______end___确认到货___end______end______end___ (test_create_area.py:49)
2022-10-07 22:06:17 [    INFO]----start--------start--------start--------start--------start--------start----查询可选库区类型----start--------start--------start--------start--------start--------start---- (test_basic_inquire.py:31)
2022-10-07 22:06:18 [    INFO]     <√√√√√√>  测试用例id: WMS_JCCX_01 标题： 查询可选库区类型  通过 (test_basic_inquire.py:45)
2022-10-07 22:06:18 [    INFO]----start--------start--------start--------start--------start--------start----查询可选温区类型----start--------start--------start--------start--------start--------start---- (test_basic_inquire.py:31)
2022-10-07 22:06:18 [    INFO]     <√√√√√√>  测试用例id: WMS_JCCX_02 标题： 查询可选温区类型  通过 (test_basic_inquire.py:45)
2022-10-07 22:06:18 [    INFO]----start--------start--------start--------start--------start--------start----查询可选库位类型----start--------start--------start--------start--------start--------start---- (test_basic_inquire.py:31)
2022-10-07 22:06:19 [    INFO]     <√√√√√√>  测试用例id: WMS_JCCX_03 标题： 查询可选库位类型  通过 (test_basic_inquire.py:45)
2022-10-07 22:06:19 [    INFO]----start--------start--------start--------start--------start--------start----查询可选货主----start--------start--------start--------start--------start--------start---- (test_basic_inquire.py:31)
2022-10-07 22:06:19 [    INFO]     <√√√√√√>  测试用例id: WMS_JCCX_04 标题： 查询可选货主  通过 (test_basic_inquire.py:45)
2022-10-07 22:06:19 [    INFO]----start--------start--------start--------start--------start--------start----查询可选入库业务类型----start--------start--------start--------start--------start--------start---- (test_basic_inquire.py:31)
2022-10-07 22:06:19 [    INFO]     <√√√√√√>  测试用例id: WMS_JCCX_05 标题： 查询可选入库业务类型  通过 (test_basic_inquire.py:45)
2022-10-07 22:06:19 [    INFO]----start--------start--------start--------start--------start--------start----查询可用到货方式----start--------start--------start--------start--------start--------start---- (test_basic_inquire.py:31)
2022-10-07 22:06:20 [    INFO]     <√√√√√√>  测试用例id: WMS_JCCX_06 标题： 查询可用到货方式  通过 (test_basic_inquire.py:45)
2022-10-07 22:06:20 [    INFO]----start--------start--------start--------start--------start--------start----查询可选商品类型----start--------start--------start--------start--------start--------start---- (test_basic_inquire.py:31)
2022-10-07 22:06:20 [    INFO]     <√√√√√√>  测试用例id: WMS_JCCX_07 标题： 查询可选商品类型  通过 (test_basic_inquire.py:45)
2022-10-07 22:06:20 [    INFO]----start--------start--------start--------start--------start--------start----查询可选出库业务类型----start--------start--------start--------start--------start--------start---- (test_basic_inquire.py:31)
2022-10-07 22:06:21 [    INFO]     <√√√√√√>  测试用例id: WMS_JCCX_08 标题： 查询可选出库业务类型  通过 (test_basic_inquire.py:45)
2022-10-07 22:06:21 [    INFO]----start--------start--------start--------start--------start--------start----查询发货可选方式类型----start--------start--------start--------start--------start--------start---- (test_basic_inquire.py:31)
2022-10-07 22:06:21 [    INFO]     <√√√√√√>  测试用例id: WMS_JCCX_09 标题： 查询发货可选方式类型  通过 (test_basic_inquire.py:45)
2022-10-07 22:06:21 [    INFO]----start--------start--------start--------start--------start--------start----开始拷贝日志文件----start--------start--------start--------start--------start--------start---- (conftest.py:28)
