2022-10-07 21:56:57 [    INFO]----start--------start--------start--------start--------start--------start----开始执行登陆操作----start--------start--------start--------start--------start--------start---- (login.py:17)
2022-10-07 21:56:58 [    INFO]成功登录 (login.py:89)
2022-10-07 21:56:58 [    INFO]----start--------start--------start--------start--------start--------start----查询可选库区类型----start--------start--------start--------start--------start--------start---- (test_basic_inquire.py:33)
2022-10-07 21:56:58 [    INFO]     <√√√√√√>  测试用例id: WMS_JCCX_01 标题： 查询可选库区类型  通过 (test_basic_inquire.py:47)
2022-10-07 21:56:58 [    INFO]----start--------start--------start--------start--------start--------start----查询可选温区类型----start--------start--------start--------start--------start--------start---- (test_basic_inquire.py:33)
2022-10-07 21:56:58 [    INFO]     <√√√√√√>  测试用例id: WMS_JCCX_02 标题： 查询可选温区类型  通过 (test_basic_inquire.py:47)
2022-10-07 21:56:58 [    INFO]----start--------start--------start--------start--------start--------start----查询可选库位类型----start--------start--------start--------start--------start--------start---- (test_basic_inquire.py:33)
2022-10-07 21:56:59 [    INFO]     <√√√√√√>  测试用例id: WMS_JCCX_03 标题： 查询可选库位类型  通过 (test_basic_inquire.py:47)
2022-10-07 21:56:59 [    INFO]----start--------start--------start--------start--------start--------start----查询可选货主----start--------start--------start--------start--------start--------start---- (test_basic_inquire.py:33)
2022-10-07 21:56:59 [    INFO]     <√√√√√√>  测试用例id: WMS_JCCX_04 标题： 查询可选货主  通过 (test_basic_inquire.py:47)
2022-10-07 21:56:59 [    INFO]----start--------start--------start--------start--------start--------start----查询可选入库业务类型----start--------start--------start--------start--------start--------start---- (test_basic_inquire.py:33)
2022-10-07 21:57:00 [    INFO]     <√√√√√√>  测试用例id: WMS_JCCX_05 标题： 查询可选入库业务类型  通过 (test_basic_inquire.py:47)
2022-10-07 21:57:00 [    INFO]----start--------start--------start--------start--------start--------start----查询可用到货方式----start--------start--------start--------start--------start--------start---- (test_basic_inquire.py:33)
2022-10-07 21:57:00 [    INFO]     <√√√√√√>  测试用例id: WMS_JCCX_06 标题： 查询可用到货方式  通过 (test_basic_inquire.py:47)
2022-10-07 21:57:00 [    INFO]----start--------start--------start--------start--------start--------start----查询可选商品类型----start--------start--------start--------start--------start--------start---- (test_basic_inquire.py:33)
2022-10-07 21:57:00 [    INFO]     <√√√√√√>  测试用例id: WMS_JCCX_07 标题： 查询可选商品类型  通过 (test_basic_inquire.py:47)
2022-10-07 21:57:00 [    INFO]----start--------start--------start--------start--------start--------start----查询可选出库业务类型----start--------start--------start--------start--------start--------start---- (test_basic_inquire.py:33)
2022-10-07 21:57:01 [    INFO]     <√√√√√√>  测试用例id: WMS_JCCX_08 标题： 查询可选出库业务类型  通过 (test_basic_inquire.py:47)
2022-10-07 21:57:01 [    INFO]----start--------start--------start--------start--------start--------start----查询发货可选方式类型----start--------start--------start--------start--------start--------start---- (test_basic_inquire.py:33)
2022-10-07 21:57:01 [    INFO]     <√√√√√√>  测试用例id: WMS_JCCX_09 标题： 查询发货可选方式类型  通过 (test_basic_inquire.py:47)
2022-10-07 21:57:01 [    INFO]----start--------start--------start--------start--------start--------start----开始拷贝日志文件----start--------start--------start--------start--------start--------start---- (conftest.py:28)
